mode: set
github.com/SardorMS/wallet/pkg/wallet/service.go:29.78,30.37 1 1
github.com/SardorMS/wallet/pkg/wallet/service.go:35.2,43.21 4 1
github.com/SardorMS/wallet/pkg/wallet/service.go:30.37,31.29 1 0
github.com/SardorMS/wallet/pkg/wallet/service.go:31.29,33.4 1 0
github.com/SardorMS/wallet/pkg/wallet/service.go:47.70,48.17 1 1
github.com/SardorMS/wallet/pkg/wallet/service.go:52.2,53.33 2 1
github.com/SardorMS/wallet/pkg/wallet/service.go:59.2,59.20 1 1
github.com/SardorMS/wallet/pkg/wallet/service.go:63.2,64.12 2 1
github.com/SardorMS/wallet/pkg/wallet/service.go:48.17,50.3 1 0
github.com/SardorMS/wallet/pkg/wallet/service.go:53.33,54.26 1 1
github.com/SardorMS/wallet/pkg/wallet/service.go:54.26,56.9 2 1
github.com/SardorMS/wallet/pkg/wallet/service.go:59.20,61.3 1 0
github.com/SardorMS/wallet/pkg/wallet/service.go:68.116,69.17 1 1
github.com/SardorMS/wallet/pkg/wallet/service.go:73.2,74.33 2 1
github.com/SardorMS/wallet/pkg/wallet/service.go:81.2,81.20 1 1
github.com/SardorMS/wallet/pkg/wallet/service.go:85.2,85.30 1 1
github.com/SardorMS/wallet/pkg/wallet/service.go:89.2,99.21 5 1
github.com/SardorMS/wallet/pkg/wallet/service.go:69.17,71.3 1 0
github.com/SardorMS/wallet/pkg/wallet/service.go:74.33,75.26 1 1
github.com/SardorMS/wallet/pkg/wallet/service.go:75.26,77.9 2 1
github.com/SardorMS/wallet/pkg/wallet/service.go:81.20,83.3 1 0
github.com/SardorMS/wallet/pkg/wallet/service.go:85.30,87.3 1 0
github.com/SardorMS/wallet/pkg/wallet/service.go:104.76,106.37 1 1
github.com/SardorMS/wallet/pkg/wallet/service.go:111.2,111.32 1 1
github.com/SardorMS/wallet/pkg/wallet/service.go:106.37,107.30 1 1
github.com/SardorMS/wallet/pkg/wallet/service.go:107.30,109.4 1 1
github.com/SardorMS/wallet/pkg/wallet/service.go:115.77,117.37 1 1
github.com/SardorMS/wallet/pkg/wallet/service.go:122.2,122.32 1 1
github.com/SardorMS/wallet/pkg/wallet/service.go:117.37,118.30 1 1
github.com/SardorMS/wallet/pkg/wallet/service.go:118.30,120.4 1 1
github.com/SardorMS/wallet/pkg/wallet/service.go:126.50,129.16 2 1
github.com/SardorMS/wallet/pkg/wallet/service.go:133.2,134.16 2 1
github.com/SardorMS/wallet/pkg/wallet/service.go:138.2,141.12 3 1
github.com/SardorMS/wallet/pkg/wallet/service.go:129.16,131.3 1 1
github.com/SardorMS/wallet/pkg/wallet/service.go:134.16,136.3 1 0
github.com/SardorMS/wallet/pkg/wallet/service.go:145.68,148.16 2 1
github.com/SardorMS/wallet/pkg/wallet/service.go:158.2,159.16 2 1
github.com/SardorMS/wallet/pkg/wallet/service.go:163.2,163.24 1 1
github.com/SardorMS/wallet/pkg/wallet/service.go:148.16,150.3 1 1
github.com/SardorMS/wallet/pkg/wallet/service.go:159.16,161.3 1 0
github.com/SardorMS/wallet/pkg/wallet/service.go:167.91,169.16 2 1
github.com/SardorMS/wallet/pkg/wallet/service.go:178.2,187.22 4 1
github.com/SardorMS/wallet/pkg/wallet/service.go:169.16,171.3 1 1
github.com/SardorMS/wallet/pkg/wallet/service.go:191.80,192.39 1 1
github.com/SardorMS/wallet/pkg/wallet/service.go:197.2,197.33 1 1
github.com/SardorMS/wallet/pkg/wallet/service.go:192.39,193.32 1 1
github.com/SardorMS/wallet/pkg/wallet/service.go:193.32,195.4 1 1
github.com/SardorMS/wallet/pkg/wallet/service.go:201.78,204.16 2 1
github.com/SardorMS/wallet/pkg/wallet/service.go:214.2,215.16 2 1
github.com/SardorMS/wallet/pkg/wallet/service.go:218.2,218.21 1 1
github.com/SardorMS/wallet/pkg/wallet/service.go:204.16,206.3 1 1
github.com/SardorMS/wallet/pkg/wallet/service.go:215.16,217.3 1 0
